0 info it worked if it ends with ok
1 verbose cli [ '/home/manuel/.nvm/versions/node/v6.8.1/bin/node',
1 verbose cli   '/home/manuel/.nvm/versions/node/v6.8.1/bin/npm',
1 verbose cli   'run',
1 verbose cli   'test-ci' ]
2 info using npm@3.10.8
3 info using node@v6.8.1
4 verbose run-script [ 'pretest-ci', 'test-ci', 'posttest-ci' ]
5 info lifecycle directree@0.0.1~pretest-ci: directree@0.0.1
6 silly lifecycle directree@0.0.1~pretest-ci: no script for pretest-ci, continuing
7 info lifecycle directree@0.0.1~test-ci: directree@0.0.1
8 verbose lifecycle directree@0.0.1~test-ci: unsafe-perm in lifecycle true
9 verbose lifecycle directree@0.0.1~test-ci: PATH: /home/manuel/.nvm/versions/node/v6.8.1/lib/node_modules/npm/bin/node-gyp-bin:/home/manuel/dev/folder2tree/node_modules/.bin:/home/manuel/.nvm/versions/node/v6.8.1/bin:/usr/local/bin:/usr/bin:/bin:/usr/local/games:/usr/games
10 verbose lifecycle directree@0.0.1~test-ci: CWD: /home/manuel/dev/folder2tree
11 silly lifecycle directree@0.0.1~test-ci: Args: [ '-c',
11 silly lifecycle   'nyc npm test && nyc report --reporter=text-lcov | coveralls' ]
12 silly lifecycle directree@0.0.1~test-ci: Returned: code: 1  signal: null
13 info lifecycle directree@0.0.1~test-ci: Failed to exec test-ci script
14 verbose stack Error: directree@0.0.1 test-ci: `nyc npm test && nyc report --reporter=text-lcov | coveralls`
14 verbose stack Exit status 1
14 verbose stack     at EventEmitter.<anonymous> (/home/manuel/.nvm/versions/node/v6.8.1/lib/node_modules/npm/lib/utils/lifecycle.js:255:16)
14 verbose stack     at emitTwo (events.js:106:13)
14 verbose stack     at EventEmitter.emit (events.js:191:7)
14 verbose stack     at ChildProcess.<anonymous> (/home/manuel/.nvm/versions/node/v6.8.1/lib/node_modules/npm/lib/utils/spawn.js:40:14)
14 verbose stack     at emitTwo (events.js:106:13)
14 verbose stack     at ChildProcess.emit (events.js:191:7)
14 verbose stack     at maybeClose (internal/child_process.js:877:16)
14 verbose stack     at Process.ChildProcess._handle.onexit (internal/child_process.js:226:5)
15 verbose pkgid directree@0.0.1
16 verbose cwd /home/manuel/dev/folder2tree
17 error Linux 3.16.0-4-686-pae
18 error argv "/home/manuel/.nvm/versions/node/v6.8.1/bin/node" "/home/manuel/.nvm/versions/node/v6.8.1/bin/npm" "run" "test-ci"
19 error node v6.8.1
20 error npm  v3.10.8
21 error code ELIFECYCLE
22 error directree@0.0.1 test-ci: `nyc npm test && nyc report --reporter=text-lcov | coveralls`
22 error Exit status 1
23 error Failed at the directree@0.0.1 test-ci script 'nyc npm test && nyc report --reporter=text-lcov | coveralls'.
23 error Make sure you have the latest version of node.js and npm installed.
23 error If you do, this is most likely a problem with the directree package,
23 error not with npm itself.
23 error Tell the author that this fails on your system:
23 error     nyc npm test && nyc report --reporter=text-lcov | coveralls
23 error You can get information on how to open an issue for this project with:
23 error     npm bugs directree
23 error Or if that isn't available, you can get their info via:
23 error     npm owner ls directree
23 error There is likely additional logging output above.
24 verbose exit [ 1, true ]
